1
0
1
ASSEMBLY
1
PART-1-1
PART-1
1
PART-1-1
14
-2147483646
0
48 1 16 5 0 1 0 -1 -1 1560 1 -1879048189 1 1560 
14
48 1 16 5 0 1 0 -1 -1 1560 1 -1879048189 1 1560 
0
1
PART-1-1
14
-2147483646
0
48 1 16 5 0 1 0 -1 -1 1475 1 -1879048189 1 1475 
14
48 1 16 5 0 1 0 -1 -1 1475 1 -1879048189 1 1475 
0
1
_SURF-1_E2
0
2
0
1
PART-1-1
25
59 118 177 236 295 354 413 472 531 590 649 708 767 826 885 944 1003 1062 1121 1180 1239 1298 1357 1416 1475 
0
1
PART-1-1
4
COMPOSITELAYUP-1-1
0
1
144
52 53 54 55 56 57 58 59 111 112 113 114 115 116 117 118 171 172 173 174 175 176 177 230 231 232 233 234 235 236 289 290 291 292 293 294 295 348 349 350 351 352 353 354 407 408 409 410 411 412 413 467 468 469 470 471 472 526 527 528 529 530 531 585 586 587 588 589 590 644 645 646 647 648 649 703 704 705 706 707 708 762 763 764 765 766 767 822 823 824 825 826 881 882 883 884 885 940 941 942 943 944 999 1000 1001 1002 1003 1058 1059 1060 1061 1062 1117 1118 1119 1120 1121 1176 1177 1178 1179 1180 1235 1236 1237 1238 1239 1294 1295 1296 1297 1298 1354 1355 1356 1357 1413 1414 1415 1416 1472 1473 1474 1475 
0
0
COMPOSITELAYUP-1-2
0
1
36
-2147483647
136 1 16 27 0 1 0 -1 -1 1331 5 -1342177273 -1342177269 -1342177265 -1342177261 -1342177257 1 51 2 59 119 52 5 59 414 53 6 59 768 54 9 59 1299 55 3 59 
0
0
EDGE
0
1
14
-2147483647
48 1 16 5 0 1 0 -1 -1 1475 1 -1879048189 1 1475 
0
0
STEERED
0
1
36
-2147483647
136 1 16 27 0 1 0 -1 -1 1331 5 -1342177273 -1342177269 -1342177265 -1342177261 -1342177257 1 51 2 59 119 52 5 59 414 53 6 59 768 54 9 59 1299 55 3 59 
0
0
0
0
1
PART-1-1
1
FIXED
0
1
26
1 61 121 181 241 301 361 421 481 541 601 661 721 781 841 901 961 1021 1081 1141 1201 1261 1321 1381 1441 1501 
0
0
0
0
1
SURF-1
0
0
0
1
PART-1-1
0
0
1
E2
25
59 118 177 236 295 354 413 472 531 590 649 708 767 826 885 944 1003 1062 1121 1180 1239 1298 1357 1416 1475 
