Analysis initiated from SIMULIA established products
Abaqus JOB master
Abaqus 2023
Successfully checked out QFT/30 from DSLS server 192.168.5.11
Successfully checked out QXT/30 from DSLS server 192.168.5.11
Abaqus License Manager checked out the following licenses:
Abaqus/Foundation checked out 30 tokens from DSLS server 192.168.5.11.
<130 out of 160 licenses remain available>.
Begin Analysis Input File Processor
2/11/2025 2:06:29 PM
Run pre.exe
2/11/2025 2:06:32 PM
End Analysis Input File Processor
Begin Abaqus/Standard Analysis
2/11/2025 2:06:32 PM
Run standard.exe
2/11/2025 2:06:35 PM
End Abaqus/Standard Analysis
Begin SIM Wrap-up
2/11/2025 2:06:38 PM
Run SMASimUtility.exe
2/11/2025 2:06:38 PM
End SIM Wrap-up
Abaqus JOB master COMPLETED
