1
0
1
ASSEMBLY
1
PART-1-1
PART-1
1
PART-1-1
14
-2147483646
0
48 1 16 5 0 1 0 -1 -1 1560 1 -1879048189 1 1560 
14
48 1 16 5 0 1 0 -1 -1 1560 1 -1879048189 1 1560 
0
1
PART-1-1
14
-2147483646
0
48 1 16 5 0 1 0 -1 -1 1475 1 -1879048189 1 1475 
14
48 1 16 5 0 1 0 -1 -1 1475 1 -1879048189 1 1475 
0
1
_SURF-1_E2
0
2
0
1
PART-1-1
25
59 118 177 236 295 354 413 472 531 590 649 708 767 826 885 944 1003 1062 1121 1180 1239 1298 1357 1416 1475 
0
1
PART-1-1
291
COMPOSITELAYUP-1-1
0
1
144
52 53 54 55 56 57 58 59 111 112 113 114 115 116 117 118 171 172 173 174 175 176 177 230 231 232 233 234 235 236 289 290 291 292 293 294 295 348 349 350 351 352 353 354 407 408 409 410 411 412 413 467 468 469 470 471 472 526 527 528 529 530 531 585 586 587 588 589 590 644 645 646 647 648 649 703 704 705 706 707 708 762 763 764 765 766 767 822 823 824 825 826 881 882 883 884 885 940 941 942 943 944 999 1000 1001 1002 1003 1058 1059 1060 1061 1062 1117 1118 1119 1120 1121 1176 1177 1178 1179 1180 1235 1236 1237 1238 1239 1294 1295 1296 1297 1298 1354 1355 1356 1357 1413 1414 1415 1416 1472 1473 1474 1475 
0
0
COMPOSITELAYUP-1-1_0
0
1
144
52 53 54 55 56 57 58 59 111 112 113 114 115 116 117 118 171 172 173 174 175 176 177 230 231 232 233 234 235 236 289 290 291 292 293 294 295 348 349 350 351 352 353 354 407 408 409 410 411 412 413 467 468 469 470 471 472 526 527 528 529 530 531 585 586 587 588 589 590 644 645 646 647 648 649 703 704 705 706 707 708 762 763 764 765 766 767 822 823 824 825 826 881 882 883 884 885 940 941 942 943 944 999 1000 1001 1002 1003 1058 1059 1060 1061 1062 1117 1118 1119 1120 1121 1176 1177 1178 1179 1180 1235 1236 1237 1238 1239 1294 1295 1296 1297 1298 1354 1355 1356 1357 1413 1414 1415 1416 1472 1473 1474 1475 
0
0
COMPOSITELAYUP-1-2
0
1
36
-2147483647
136 1 16 27 0 1 0 -1 -1 1331 5 -1342177273 -1342177269 -1342177265 -1342177261 -1342177257 1 51 2 59 119 52 5 59 414 53 6 59 768 54 9 59 1299 55 3 59 
0
0
COMPOSITELAYUP-1-2_1
0
1
3
1 60 119 
0
0
COMPOSITELAYUP-1-2_10
0
1
4
10 186 421 715 
0
0
COMPOSITELAYUP-1-2_100
0
1
3
126 361 1185 
0
0
COMPOSITELAYUP-1-2_101
0
1
2
127 1009 
0
0
COMPOSITELAYUP-1-2_102
0
1
2
128 1304 
0
0
COMPOSITELAYUP-1-2_103
0
1
1
129 
0
0
COMPOSITELAYUP-1-2_104
0
1
2
130 952 
0
0
COMPOSITELAYUP-1-2_105
0
1
3
132 249 777 
0
0
COMPOSITELAYUP-1-2_106
0
1
2
133 719 
0
0
COMPOSITELAYUP-1-2_107
0
1
2
134 661 
0
0
COMPOSITELAYUP-1-2_108
0
1
2
135 1249 
0
0
COMPOSITELAYUP-1-2_109
0
1
1
136 
0
0
COMPOSITELAYUP-1-2_11
0
1
3
11 598 892 
0
0
COMPOSITELAYUP-1-2_110
0
1
4
137 312 429 546 
0
0
COMPOSITELAYUP-1-2_111
0
1
3
138 313 1427 
0
0
COMPOSITELAYUP-1-2_112
0
1
5
139 489 606 899 1075 
0
0
COMPOSITELAYUP-1-2_113
0
1
6
144 260 668 902 1412 1467 
0
0
COMPOSITELAYUP-1-2_114
0
1
5
145 319 1137 1350 1406 
0
0
COMPOSITELAYUP-1-2_115
0
1
6
146 378 611 1233 1288 1459 
0
0
COMPOSITELAYUP-1-2_116
0
1
6
147 495 670 1138 1172 1399 
0
0
COMPOSITELAYUP-1-2_117
0
1
6
149 994 1050 1107 1164 1279 
0
0
COMPOSITELAYUP-1-2_118
0
1
9
150 323 381 439 878 990 1104 1161 1198 
0
0
COMPOSITELAYUP-1-2_119
0
1
6
151 556 817 873 1101 1257 
0
0
COMPOSITELAYUP-1-2_12
0
1
4
12 305 775 1128 
0
0
COMPOSITELAYUP-1-2_120
0
1
12
157 214 345 400 456 513 570 685 858 916 1207 1382 
0
0
COMPOSITELAYUP-1-2_121
0
1
13
169 223 279 336 450 561 565 619 677 1029 1204 1321 1438 
0
0
COMPOSITELAYUP-1-2_122
0
1
6
178 237 296 355 414 473 
0
0
COMPOSITELAYUP-1-2_123
0
1
2
179 238 
0
0
COMPOSITELAYUP-1-2_124
0
1
3
180 1300 1359 
0
0
COMPOSITELAYUP-1-2_125
0
1
3
181 829 888 
0
0
COMPOSITELAYUP-1-2_126
0
1
2
182 653 
0
0
COMPOSITELAYUP-1-2_127
0
1
2
183 1125 
0
0
COMPOSITELAYUP-1-2_128
0
1
2
184 478 
0
0
COMPOSITELAYUP-1-2_129
0
1
2
185 1303 
0
0
COMPOSITELAYUP-1-2_13
0
1
2
13 1364 
0
0
COMPOSITELAYUP-1-2_130
0
1
2
187 951 
0
0
COMPOSITELAYUP-1-2_131
0
1
3
188 834 1187 
0
0
COMPOSITELAYUP-1-2_132
0
1
1
189 
0
0
COMPOSITELAYUP-1-2_133
0
1
2
192 309 
0
0
COMPOSITELAYUP-1-2_134
0
1
4
195 663 1015 1250 
0
0
COMPOSITELAYUP-1-2_135
0
1
2
196 781 
0
0
COMPOSITELAYUP-1-2_136
0
1
2
197 372 
0
0
COMPOSITELAYUP-1-2_137
0
1
3
198 841 1193 
0
0
COMPOSITELAYUP-1-2_138
0
1
2
199 783 
0
0
COMPOSITELAYUP-1-2_139
0
1
4
202 785 1411 1466 
0
0
COMPOSITELAYUP-1-2_14
0
1
4
14 131 424 1188 
0
0
COMPOSITELAYUP-1-2_140
0
1
7
203 261 552 1313 1349 1405 1462 
0
0
COMPOSITELAYUP-1-2_141
0
1
9
205 379 787 1021 1114 1115 1170 1314 1398 
0
0
COMPOSITELAYUP-1-2_142
0
1
8
206 496 846 963 1053 1166 1223 1338 
0
0
COMPOSITELAYUP-1-2_143
0
1
7
209 731 759 814 871 985 1100 
0
0
COMPOSITELAYUP-1-2_144
0
1
10
210 383 557 643 698 754 790 982 1040 1446 
0
0
COMPOSITELAYUP-1-2_145
0
1
11
215 272 284 285 340 396 453 510 625 1089 1264 
0
0
COMPOSITELAYUP-1-2_146
0
1
10
226 227 282 338 445 566 793 1030 1205 1260 
0
0
COMPOSITELAYUP-1-2_147
0
1
3
239 298 1418 
0
0
COMPOSITELAYUP-1-2_148
0
1
2
240 947 
0
0
COMPOSITELAYUP-1-2_149
0
1
2
241 712 
0
0
COMPOSITELAYUP-1-2_15
0
1
2
15 1365 
0
0
COMPOSITELAYUP-1-2_150
0
1
3
242 654 1243 
0
0
COMPOSITELAYUP-1-2_151
0
1
2
244 1362 
0
0
COMPOSITELAYUP-1-2_152
0
1
1
245 
0
0
COMPOSITELAYUP-1-2_153
0
1
2
246 716 
0
0
COMPOSITELAYUP-1-2_154
0
1
4
247 423 658 1305 
0
0
COMPOSITELAYUP-1-2_155
0
1
2
248 600 
0
0
COMPOSITELAYUP-1-2_156
0
1
4
250 543 954 1248 
0
0
COMPOSITELAYUP-1-2_157
0
1
3
251 368 1425 
0
0
COMPOSITELAYUP-1-2_158
0
1
2
252 369 
0
0
COMPOSITELAYUP-1-2_159
0
1
4
253 487 780 1191 
0
0
COMPOSITELAYUP-1-2_16
0
1
2
16 367 
0
0
COMPOSITELAYUP-1-2_160
0
1
3
255 840 1016 
0
0
COMPOSITELAYUP-1-2_161
0
1
3
256 548 665 
0
0
COMPOSITELAYUP-1-2_162
0
1
3
257 432 1076 
0
0
COMPOSITELAYUP-1-2_163
0
1
8
263 321 904 1113 1169 1226 1283 1340 
0
0
COMPOSITELAYUP-1-2_164
0
1
12
264 322 380 438 671 996 1052 1108 1165 1222 1256 1395 
0
0
COMPOSITELAYUP-1-2_165
0
1
9
265 497 730 879 880 934 1047 1219 1277 
0
0
COMPOSITELAYUP-1-2_166
0
1
8
266 789 818 930 987 1044 1159 1217 
0
0
COMPOSITELAYUP-1-2_167
0
1
6
269 500 523 524 921 1327 
0
0
COMPOSITELAYUP-1-2_168
0
1
10
270 462 518 574 631 675 688 803 1209 1376 
0
0
COMPOSITELAYUP-1-2_169
0
1
11
271 346 386 401 457 628 743 967 1149 1324 1435 
0
0
COMPOSITELAYUP-1-2_17
0
1
1
17 
0
0
COMPOSITELAYUP-1-2_170
0
1
15
287 329 342 398 454 511 560 618 626 799 857 909 915 1148 1323 
0
0
COMPOSITELAYUP-1-2_171
0
1
2
297 356 
0
0
COMPOSITELAYUP-1-2_172
0
1
2
299 1006 
0
0
COMPOSITELAYUP-1-2_173
0
1
2
300 830 
0
0
COMPOSITELAYUP-1-2_174
0
1
3
303 597 950 
0
0
COMPOSITELAYUP-1-2_175
0
1
3
304 539 833 
0
0
COMPOSITELAYUP-1-2_176
0
1
4
306 482 717 1011 
0
0
COMPOSITELAYUP-1-2_177
0
1
2
307 659 
0
0
COMPOSITELAYUP-1-2_178
0
1
1
310 
0
0
COMPOSITELAYUP-1-2_179
0
1
4
311 428 721 1132 
0
0
COMPOSITELAYUP-1-2_18
0
1
5
18 193 427 955 1190 
0
0
COMPOSITELAYUP-1-2_180
0
1
2
315 1252 
0
0
COMPOSITELAYUP-1-2_181
0
1
4
316 491 842 1370 
0
0
COMPOSITELAYUP-1-2_182
0
1
14
324 498 761 816 872 906 929 986 1043 1140 1216 1274 1332 1390 
0
0
COMPOSITELAYUP-1-2_183
0
1
11
325 615 699 811 868 925 1082 1098 1156 1330 1388 
0
0
COMPOSITELAYUP-1-2_184
0
1
6
328 403 515 629 686 1266 
0
0
COMPOSITELAYUP-1-2_185
0
1
1
357 
0
0
COMPOSITELAYUP-1-2_186
0
1
2
358 1065 
0
0
COMPOSITELAYUP-1-2_187
0
1
2
362 656 
0
0
COMPOSITELAYUP-1-2_188
0
1
2
363 1363 
0
0
COMPOSITELAYUP-1-2_189
0
1
1
364 
0
0
COMPOSITELAYUP-1-2_19
0
1
2
19 194 
0
0
COMPOSITELAYUP-1-2_190
0
1
3
366 542 1012 
0
0
COMPOSITELAYUP-1-2_191
0
1
4
371 488 1133 1368 
0
0
COMPOSITELAYUP-1-2_192
0
1
2
374 1135 
0
0
COMPOSITELAYUP-1-2_193
0
1
4
375 550 784 1253 
0
0
COMPOSITELAYUP-1-2_194
0
1
12
385 463 575 746 861 908 919 977 1035 1093 1151 1384 
0
0
COMPOSITELAYUP-1-2_195
0
1
9
404 459 572 744 802 850 1150 1208 1383 
0
0
COMPOSITELAYUP-1-2_196
0
1
2
415 474 
0
0
COMPOSITELAYUP-1-2_197
0
1
1
416 
0
0
COMPOSITELAYUP-1-2_198
0
1
3
417 1124 1183 
0
0
COMPOSITELAYUP-1-2_199
0
1
2
418 1007 
0
0
COMPOSITELAYUP-1-2_2
0
1
1
2 
0
0
COMPOSITELAYUP-1-2_20
0
1
2
20 370 
0
0
COMPOSITELAYUP-1-2_200
0
1
3
420 773 1244 
0
0
COMPOSITELAYUP-1-2_201
0
1
3
422 657 1422 
0
0
COMPOSITELAYUP-1-2_202
0
1
3
425 601 1424 
0
0
COMPOSITELAYUP-1-2_203
0
1
2
426 778 
0
0
COMPOSITELAYUP-1-2_204
0
1
3
431 958 1369 
0
0
COMPOSITELAYUP-1-2_205
0
1
3
434 726 843 
0
0
COMPOSITELAYUP-1-2_206
0
1
5
436 1234 1289 1345 1402 
0
0
COMPOSITELAYUP-1-2_207
0
1
10
441 499 642 697 753 810 867 1155 1213 1375 
0
0
COMPOSITELAYUP-1-2_208
0
1
15
442 525 558 579 635 692 749 806 979 1037 1095 1153 1211 1269 1444 
0
0
COMPOSITELAYUP-1-2_209
0
1
1
475 
0
0
COMPOSITELAYUP-1-2_21
0
1
3
21 254 898 
0
0
COMPOSITELAYUP-1-2_210
0
1
2
481 1069 
0
0
COMPOSITELAYUP-1-2_211
0
1
2
483 1247 
0
0
COMPOSITELAYUP-1-2_212
0
1
2
484 660 
0
0
COMPOSITELAYUP-1-2_213
0
1
4
485 837 1072 1366 
0
0
COMPOSITELAYUP-1-2_214
0
1
2
486 1014 
0
0
COMPOSITELAYUP-1-2_215
0
1
2
490 607 
0
0
COMPOSITELAYUP-1-2_216
0
1
1
492 
0
0
COMPOSITELAYUP-1-2_217
0
1
4
493 1078 1410 1430 
0
0
COMPOSITELAYUP-1-2_218
0
1
5
494 786 903 1291 1403 
0
0
COMPOSITELAYUP-1-2_219
0
1
14
521 577 633 690 791 805 920 978 1036 1083 1094 1152 1200 1210 
0
0
COMPOSITELAYUP-1-2_22
0
1
3
22 430 547 
0
0
COMPOSITELAYUP-1-2_220
0
1
7
532 591 650 709 768 827 886 
0
0
COMPOSITELAYUP-1-2_221
0
1
3
533 592 651 
0
0
COMPOSITELAYUP-1-2_222
0
1
2
536 1066 
0
0
COMPOSITELAYUP-1-2_223
0
1
2
537 949 
0
0
COMPOSITELAYUP-1-2_224
0
1
1
540 
0
0
COMPOSITELAYUP-1-2_225
0
1
3
545 897 1367 
0
0
COMPOSITELAYUP-1-2_226
0
1
10
553 845 962 1175 1230 1255 1286 1343 1400 1431 
0
0
COMPOSITELAYUP-1-2_227
0
1
12
583 638 694 865 980 1024 1038 1096 1141 1154 1212 1270 
0
0
COMPOSITELAYUP-1-2_228
0
1
8
584 639 732 751 808 923 1258 1445 
0
0
COMPOSITELAYUP-1-2_229
0
1
2
594 1419 
0
0
COMPOSITELAYUP-1-2_23
0
1
2
23 314 
0
0
COMPOSITELAYUP-1-2_230
0
1
2
595 1184 
0
0
COMPOSITELAYUP-1-2_231
0
1
2
596 1067 
0
0
COMPOSITELAYUP-1-2_232
0
1
2
603 779 
0
0
COMPOSITELAYUP-1-2_233
0
1
1
605 
0
0
COMPOSITELAYUP-1-2_234
0
1
2
608 725 
0
0
COMPOSITELAYUP-1-2_235
0
1
2
609 1136 
0
0
COMPOSITELAYUP-1-2_236
0
1
10
613 788 938 939 993 1139 1221 1336 1394 1452 
0
0
COMPOSITELAYUP-1-2_237
0
1
8
614 819 874 1102 1275 1333 1391 1449 
0
0
COMPOSITELAYUP-1-2_238
0
1
1
652 
0
0
COMPOSITELAYUP-1-2_239
0
1
2
655 1126 
0
0
COMPOSITELAYUP-1-2_24
0
1
6
24 82 140 373 1017 1428 
0
0
COMPOSITELAYUP-1-2_240
0
1
2
667 1077 
0
0
COMPOSITELAYUP-1-2_241
0
1
6
669 1020 1292 1347 1404 1461 
0
0
COMPOSITELAYUP-1-2_242
0
1
10
673 702 757 813 984 1099 1157 1316 1389 1447 
0
0
COMPOSITELAYUP-1-2_243
0
1
2
710 769 
0
0
COMPOSITELAYUP-1-2_244
0
1
2
713 1361 
0
0
COMPOSITELAYUP-1-2_245
0
1
1
714 
0
0
COMPOSITELAYUP-1-2_246
0
1
2
718 1306 
0
0
COMPOSITELAYUP-1-2_247
0
1
1
720 
0
0
COMPOSITELAYUP-1-2_248
0
1
1
723 
0
0
COMPOSITELAYUP-1-2_249
0
1
1
724 
0
0
COMPOSITELAYUP-1-2_25
0
1
6
25 83 141 549 666 1311 
0
0
COMPOSITELAYUP-1-2_250
0
1
4
728 1231 1287 1458 
0
0
COMPOSITELAYUP-1-2_251
0
1
7
729 1054 1080 1110 1281 1396 1454 
0
0
COMPOSITELAYUP-1-2_252
0
1
7
758 870 927 1042 1215 1273 1331 
0
0
COMPOSITELAYUP-1-2_253
0
1
1
771 
0
0
COMPOSITELAYUP-1-2_254
0
1
2
782 1134 
0
0
COMPOSITELAYUP-1-2_255
0
1
2
828 887 
0
0
COMPOSITELAYUP-1-2_256
0
1
2
835 1129 
0
0
COMPOSITELAYUP-1-2_257
0
1
1
836 
0
0
COMPOSITELAYUP-1-2_258
0
1
1
839 
0
0
COMPOSITELAYUP-1-2_259
0
1
9
847 877 933 989 1046 1276 1334 1392 1450 
0
0
COMPOSITELAYUP-1-2_26
0
1
4
26 258 1018 1194 
0
0
COMPOSITELAYUP-1-2_260
0
1
1
890 
0
0
COMPOSITELAYUP-1-2_261
0
1
1
894 
0
0
COMPOSITELAYUP-1-2_262
0
1
2
895 1189 
0
0
COMPOSITELAYUP-1-2_263
0
1
2
896 1131 
0
0
COMPOSITELAYUP-1-2_264
0
1
1
900 
0
0
COMPOSITELAYUP-1-2_265
0
1
1
901 
0
0
COMPOSITELAYUP-1-2_266
0
1
7
905 937 1022 1049 1106 1163 1278 
0
0
COMPOSITELAYUP-1-2_267
0
1
6
945 1004 1063 1122 1181 1240 
0
0
COMPOSITELAYUP-1-2_268
0
1
1
957 
0
0
COMPOSITELAYUP-1-2_269
0
1
1
959 
0
0
COMPOSITELAYUP-1-2_27
0
1
2
27 317 
0
0
COMPOSITELAYUP-1-2_270
0
1
3
961 1352 1407 
0
0
COMPOSITELAYUP-1-2_271
0
1
6
1057 1112 1168 1197 1282 1397 
0
0
COMPOSITELAYUP-1-2_272
0
1
1
1068 
0
0
COMPOSITELAYUP-1-2_273
0
1
1
1071 
0
0
COMPOSITELAYUP-1-2_274
0
1
1
1073 
0
0
COMPOSITELAYUP-1-2_275
0
1
2
1074 1309 
0
0
COMPOSITELAYUP-1-2_276
0
1
1
1127 
0
0
COMPOSITELAYUP-1-2_277
0
1
5
1173 1228 1285 1342 1457 
0
0
COMPOSITELAYUP-1-2_278
0
1
1
1245 
0
0
COMPOSITELAYUP-1-2_279
0
1
1
1251 
0
0
COMPOSITELAYUP-1-2_28
0
1
6
28 376 551 1019 1371 1469 
0
0
COMPOSITELAYUP-1-2_280
0
1
3
1254 1409 1465 
0
0
COMPOSITELAYUP-1-2_281
0
1
3
1299 1358 1417 
0
0
COMPOSITELAYUP-1-2_282
0
1
1
1423 
0
0
COMPOSITELAYUP-1-2_283
0
1
1
1426 
0
0
COMPOSITELAYUP-1-2_284
0
1
1
1429 
0
0
COMPOSITELAYUP-1-2_285
0
1
1
1470 
0
0
COMPOSITELAYUP-1-2_286
0
1
1
1471 
0
0
COMPOSITELAYUP-1-2_29
0
1
6
29 435 610 1353 1408 1464 
0
0
COMPOSITELAYUP-1-2_3
0
1
3
3 946 1005 
0
0
COMPOSITELAYUP-1-2_30
0
1
3
30 1293 1348 
0
0
COMPOSITELAYUP-1-2_31
0
1
8
31 204 262 320 1079 1232 1344 1401 
0
0
COMPOSITELAYUP-1-2_32
0
1
8
32 437 1116 1171 1227 1284 1341 1456 
0
0
COMPOSITELAYUP-1-2_33
0
1
10
33 148 554 1055 1056 1111 1167 1224 1339 1373 
0
0
COMPOSITELAYUP-1-2_34
0
1
5
34 995 1051 1337 1432 
0
0
COMPOSITELAYUP-1-2_35
0
1
9
35 935 991 1048 1105 1162 1335 1393 1451 
0
0
COMPOSITELAYUP-1-2_36
0
1
10
36 208 820 821 875 931 988 1045 1160 1374 
0
0
COMPOSITELAYUP-1-2_37
0
1
11
37 94 382 440 760 815 928 1023 1158 1433 1448 
0
0
COMPOSITELAYUP-1-2_38
0
1
10
38 152 267 701 756 812 848 869 926 1041 
0
0
COMPOSITELAYUP-1-2_39
0
1
10
39 153 641 696 809 924 1039 1097 1271 1329 
0
0
COMPOSITELAYUP-1-2_4
0
1
3
4 534 593 
0
0
COMPOSITELAYUP-1-2_40
0
1
12
40 211 326 581 582 637 674 693 750 807 922 1328 
0
0
COMPOSITELAYUP-1-2_41
0
1
10
41 522 578 634 691 748 863 966 1317 1385 
0
0
COMPOSITELAYUP-1-2_42
0
1
10
42 155 464 465 519 632 689 733 804 1326 
0
0
COMPOSITELAYUP-1-2_43
0
1
20
43 156 213 405 406 460 501 516 559 573 630 687 860 918 976 1034 1092 1142 1259 1325 
0
0
COMPOSITELAYUP-1-2_44
0
1
15
44 100 347 402 458 514 571 792 801 859 917 975 1033 1091 1441 
0
0
COMPOSITELAYUP-1-2_45
0
1
14
45 344 399 444 627 734 742 800 974 1032 1084 1201 1265 1318 
0
0
COMPOSITELAYUP-1-2_46
0
1
12
46 158 286 341 397 568 683 741 973 1031 1206 1381 
0
0
COMPOSITELAYUP-1-2_47
0
1
12
47 228 395 452 509 624 682 914 972 1143 1322 1377 
0
0
COMPOSITELAYUP-1-2_48
0
1
14
48 170 216 224 273 280 393 503 623 735 913 968 971 1146 
0
0
COMPOSITELAYUP-1-2_49
0
1
15
49 167 168 222 335 388 392 507 622 680 738 796 854 1085 1087 
0
0
COMPOSITELAYUP-1-2_5
0
1
3
5 476 1242 
0
0
COMPOSITELAYUP-1-2_50
0
1
11
50 165 221 277 334 391 506 970 1145 1202 1319 
0
0
COMPOSITELAYUP-1-2_51
0
1
13
51 105 108 163 219 274 276 390 505 852 853 911 1086 
0
0
COMPOSITELAYUP-1-2_52
0
1
2
61 120 
0
0
COMPOSITELAYUP-1-2_53
0
1
3
62 1064 1123 
0
0
COMPOSITELAYUP-1-2_54
0
1
2
63 711 
0
0
COMPOSITELAYUP-1-2_55
0
1
2
64 1301 
0
0
COMPOSITELAYUP-1-2_56
0
1
2
65 948 
0
0
COMPOSITELAYUP-1-2_57
0
1
4
66 360 772 1420 
0
0
COMPOSITELAYUP-1-2_58
0
1
2
67 302 
0
0
COMPOSITELAYUP-1-2_59
0
1
4
68 538 891 1421 
0
0
COMPOSITELAYUP-1-2_6
0
1
3
6 359 889 
0
0
COMPOSITELAYUP-1-2_60
0
1
4
69 480 774 1186 
0
0
COMPOSITELAYUP-1-2_61
0
1
2
70 1010 
0
0
COMPOSITELAYUP-1-2_62
0
1
4
71 599 893 1246 
0
0
COMPOSITELAYUP-1-2_63
0
1
5
72 365 541 776 1070 
0
0
COMPOSITELAYUP-1-2_64
0
1
3
73 190 953 
0
0
COMPOSITELAYUP-1-2_65
0
1
4
74 191 308 1130 
0
0
COMPOSITELAYUP-1-2_66
0
1
4
75 602 1013 1307 
0
0
COMPOSITELAYUP-1-2_67
0
1
2
76 544 
0
0
COMPOSITELAYUP-1-2_68
0
1
4
77 662 838 1308 
0
0
COMPOSITELAYUP-1-2_69
0
1
3
78 604 956 
0
0
COMPOSITELAYUP-1-2_7
0
1
3
7 301 1302 
0
0
COMPOSITELAYUP-1-2_70
0
1
2
79 722 
0
0
COMPOSITELAYUP-1-2_71
0
1
3
80 664 1192 
0
0
COMPOSITELAYUP-1-2_72
0
1
2
81 1310 
0
0
COMPOSITELAYUP-1-2_73
0
1
4
84 142 200 433 
0
0
COMPOSITELAYUP-1-2_74
0
1
6
85 143 201 259 960 1312 
0
0
COMPOSITELAYUP-1-2_75
0
1
4
86 318 1195 1468 
0
0
COMPOSITELAYUP-1-2_76
0
1
6
87 377 727 844 1351 1463 
0
0
COMPOSITELAYUP-1-2_77
0
1
6
88 1196 1290 1346 1372 1460 
0
0
COMPOSITELAYUP-1-2_78
0
1
3
89 1174 1229 
0
0
COMPOSITELAYUP-1-2_79
0
1
4
90 612 1225 1455 
0
0
COMPOSITELAYUP-1-2_8
0
1
3
8 243 1008 
0
0
COMPOSITELAYUP-1-2_80
0
1
6
91 997 998 1109 1280 1453 
0
0
COMPOSITELAYUP-1-2_81
0
1
7
92 207 555 936 992 1220 1315 
0
0
COMPOSITELAYUP-1-2_82
0
1
8
93 672 876 932 964 1081 1103 1218 
0
0
COMPOSITELAYUP-1-2_83
0
1
8
95 700 755 965 983 1199 1214 1272 
0
0
COMPOSITELAYUP-1-2_84
0
1
9
96 268 640 695 752 866 907 981 1387 
0
0
COMPOSITELAYUP-1-2_85
0
1
10
97 154 384 580 616 636 849 864 1386 1434 
0
0
COMPOSITELAYUP-1-2_86
0
1
10
98 212 327 466 520 576 747 862 1268 1443 
0
0
COMPOSITELAYUP-1-2_87
0
1
9
99 443 461 517 617 745 1025 1267 1442 
0
0
COMPOSITELAYUP-1-2_88
0
1
11
101 288 343 455 502 512 569 676 684 1090 1440 
0
0
COMPOSITELAYUP-1-2_89
0
1
13
102 229 283 339 387 567 740 798 851 856 1026 1147 1439 
0
0
COMPOSITELAYUP-1-2_9
0
1
3
9 479 832 
0
0
COMPOSITELAYUP-1-2_90
0
1
16
103 159 225 281 330 337 394 451 508 681 739 797 855 1088 1263 1380 
0
0
COMPOSITELAYUP-1-2_91
0
1
11
104 160 166 278 449 564 910 912 1262 1379 1436 
0
0
COMPOSITELAYUP-1-2_92
0
1
9
106 218 389 562 620 678 736 794 1144 
0
0
COMPOSITELAYUP-1-2_93
0
1
11
107 161 162 275 332 447 504 969 1027 1261 1378 
0
0
COMPOSITELAYUP-1-2_94
0
1
18
109 110 164 217 220 331 333 446 448 563 621 679 737 795 1028 1203 1320 1437 
0
0
COMPOSITELAYUP-1-2_95
0
1
3
121 1182 1241 
0
0
COMPOSITELAYUP-1-2_96
0
1
2
122 770 
0
0
COMPOSITELAYUP-1-2_97
0
1
3
123 535 1360 
0
0
COMPOSITELAYUP-1-2_98
0
1
2
124 477 
0
0
COMPOSITELAYUP-1-2_99
0
1
3
125 419 831 
0
0
EDGE
0
1
14
-2147483647
48 1 16 5 0 1 0 -1 -1 1475 1 -1879048189 1 1475 
0
0
STEERED
0
1
36
-2147483647
136 1 16 27 0 1 0 -1 -1 1331 5 -1342177273 -1342177269 -1342177265 -1342177261 -1342177257 1 51 2 59 119 52 5 59 414 53 6 59 768 54 9 59 1299 55 3 59 
0
0
0
0
1
PART-1-1
1
FIXED
0
1
26
1 61 121 181 241 301 361 421 481 541 601 661 721 781 841 901 961 1021 1081 1141 1201 1261 1321 1381 1441 1501 
0
0
0
0
1
SURF-1
0
0
0
1
PART-1-1
0
0
1
E2
25
59 118 177 236 295 354 413 472 531 590 649 708 767 826 885 944 1003 1062 1121 1180 1239 1298 1357 1416 1475 
