start reading nodes.
start reading elements.
start reading element set STEERED.
start reading element set EDGE.
start reading orientation.
start reading element set COMPOSITELAYUP-1-2.
start reading orientation.
start reading element set COMPOSITELAYUP-1-1.
Completed rts setup for part panel.
Driver debug print for iter coord: rank0:ScipyOptimize_SLSQP|0
--------------------------------------------------------------
Design Vars
{'abaqus.composite:panel:CompositeLayup-1-2:0:thickness': array([0.1]),
 'abaqus.composite:panel:CompositeLayup-1-2:2:thickness': array([0.1])}

Calling compute.
message: 
 {'component': 'abaqus', 'inputs': {'design': {'composite.panel.CompositeLayup-1-2.0.thickness': [0.1], 'composite.panel.CompositeLayup-1-2.2.thickness': [0.1]}}, 'get_grads': False, 'get_outputs': True}
Completed writing of RTS section input data for part panel.
 Number of composite shell sections in panel = 2.
20250211-135725: Compute completed.
Nonlinear constraints
{'abaqus.U:Step-1:PART-1-1:N1560:norm': array([0.06330373]),
 'abaqus.U:Step-1:PART-1-1:N60:1': array([0.01825029])}

Linear constraints
None

Objectives
{'abaqus.MASS:Step-1:PART-1-1:STEERED': array([6.74440571e-06])}

Driver debug print for iter coord: rank0:ScipyOptimize_SLSQP|1
--------------------------------------------------------------
Design Vars
{'abaqus.composite:panel:CompositeLayup-1-2:0:thickness': array([0.1]),
 'abaqus.composite:panel:CompositeLayup-1-2:2:thickness': array([0.1])}

Calling compute.
message: 
 {'component': 'abaqus', 'inputs': {'design': {'composite.panel.CompositeLayup-1-2.0.thickness': [0.1], 'composite.panel.CompositeLayup-1-2.2.thickness': [0.1]}}, 'get_grads': False, 'get_outputs': True}
Completed writing of RTS section input data for part panel.
 Number of composite shell sections in panel = 2.
deleted old odb @ c:\Users\GeorgiosBalokas\Desktop\GENACOM\GENACOM_git_repo\Gradient_boost\outputs\master.odb

20250211-135800: Compute completed.
Nonlinear constraints
{'abaqus.U:Step-1:PART-1-1:N1560:norm': array([0.06330373]),
 'abaqus.U:Step-1:PART-1-1:N60:1': array([0.01825029])}

Linear constraints
None

Objectives
{'abaqus.MASS:Step-1:PART-1-1:STEERED': array([6.74440571e-06])}

Driver total derivatives for iteration: 2
-----------------------------------------

Calling compute.
message: 
 {'component': 'abaqus', 'inputs': {'design': {'composite.panel.CompositeLayup-1-2.0.thickness': [0.101], 'composite.panel.CompositeLayup-1-2.2.thickness': [0.1]}}, 'get_grads': False, 'get_outputs': True}
Completed writing of RTS section input data for part panel.
 Number of composite shell sections in panel = 2.
deleted old odb @ c:\Users\GeorgiosBalokas\Desktop\GENACOM\GENACOM_git_repo\Gradient_boost\outputs\master.odb

20250211-135834: Compute completed.
Calling compute.
message: 
 {'component': 'abaqus', 'inputs': {'design': {'composite.panel.CompositeLayup-1-2.0.thickness': [0.1], 'composite.panel.CompositeLayup-1-2.2.thickness': [0.101]}}, 'get_grads': False, 'get_outputs': True}
Completed writing of RTS section input data for part panel.
 Number of composite shell sections in panel = 2.
deleted old odb @ c:\Users\GeorgiosBalokas\Desktop\GENACOM\GENACOM_git_repo\Gradient_boost\outputs\master.odb

20250211-135909: Compute completed.
Elapsed time to approx totals: 69.18555380000001 secs

{('abaqus.MASS:Step-1:PART-1-1:STEERED', 'abaqus.composite:panel:CompositeLayup-1-2:0:thickness'): array([[1.68611223]])}
{('abaqus.MASS:Step-1:PART-1-1:STEERED', 'abaqus.composite:panel:CompositeLayup-1-2:2:thickness'): array([[1.68611223]])}
{('abaqus.U:Step-1:PART-1-1:N60:1', 'abaqus.composite:panel:CompositeLayup-1-2:0:thickness'): array([[-0.03465824]])}
{('abaqus.U:Step-1:PART-1-1:N60:1', 'abaqus.composite:panel:CompositeLayup-1-2:2:thickness'): array([[-0.0346601]])}
{('abaqus.U:Step-1:PART-1-1:N1560:norm', 'abaqus.composite:panel:CompositeLayup-1-2:0:thickness'): array([[-0.11727214]])}
{('abaqus.U:Step-1:PART-1-1:N1560:norm', 'abaqus.composite:panel:CompositeLayup-1-2:2:thickness'): array([[-0.11727959]])}

Driver debug print for iter coord: rank0:ScipyOptimize_SLSQP|2
--------------------------------------------------------------
Design Vars
{'abaqus.composite:panel:CompositeLayup-1-2:0:thickness': array([0.15666446]),
 'abaqus.composite:panel:CompositeLayup-1-2:2:thickness': array([0.15677518])}

Calling compute.
message: 
 {'component': 'abaqus', 'inputs': {'design': {'composite.panel.CompositeLayup-1-2.0.thickness': [0.1566644551505502], 'composite.panel.CompositeLayup-1-2.2.thickness': [0.15677517793852794]}}, 'get_grads': False, 'get_outputs': True}
Completed writing of RTS section input data for part panel.
 Number of composite shell sections in panel = 2.
deleted old odb @ c:\Users\GeorgiosBalokas\Desktop\GENACOM\GENACOM_git_repo\Gradient_boost\outputs\master.odb

20250211-135944: Compute completed.
Nonlinear constraints
{'abaqus.U:Step-1:PART-1-1:N1560:norm': array([0.05291735]),
 'abaqus.U:Step-1:PART-1-1:N60:1': array([0.01524186])}

Linear constraints
None

Objectives
{'abaqus.MASS:Step-1:PART-1-1:STEERED': array([8.65710263e-06])}

Driver debug print for iter coord: rank0:ScipyOptimize_SLSQP|3
--------------------------------------------------------------
Design Vars
{'abaqus.composite:panel:CompositeLayup-1-2:0:thickness': array([0.10566645]),
 'abaqus.composite:panel:CompositeLayup-1-2:2:thickness': array([0.10567752])}

Calling compute.
message: 
 {'component': 'abaqus', 'inputs': {'design': {'composite.panel.CompositeLayup-1-2.0.thickness': [0.10566644551505502], 'composite.panel.CompositeLayup-1-2.2.thickness': [0.1056775177938528]}}, 'get_grads': False, 'get_outputs': True}
Completed writing of RTS section input data for part panel.
 Number of composite shell sections in panel = 2.
deleted old odb @ c:\Users\GeorgiosBalokas\Desktop\GENACOM\GENACOM_git_repo\Gradient_boost\outputs\master.odb

20250211-140019: Compute completed.
Nonlinear constraints
{'abaqus.U:Step-1:PART-1-1:N1560:norm': array([0.06200777]),
 'abaqus.U:Step-1:PART-1-1:N60:1': array([0.01786826])}

Linear constraints
None

Objectives
{'abaqus.MASS:Step-1:PART-1-1:STEERED': array([6.93567699e-06])}


---------


Major iteration convergence checks (// slsqp_optmz.f line 495):


    abs(f-f0) < acc : ABS(f-f0)=0.019127128325635567, acc=0.0001, so check is False

    h3 < acc        : h3=0.012007769942283628, acc=0.0001, so check is False

---------

Driver total derivatives for iteration: 4
-----------------------------------------

Calling compute.
message: 
 {'component': 'abaqus', 'inputs': {'design': {'composite.panel.CompositeLayup-1-2.0.thickness': [0.10666644551505503], 'composite.panel.CompositeLayup-1-2.2.thickness': [0.1056775177938528]}}, 'get_grads': False, 'get_outputs': True}
Completed writing of RTS section input data for part panel.
 Number of composite shell sections in panel = 2.
deleted old odb @ c:\Users\GeorgiosBalokas\Desktop\GENACOM\GENACOM_git_repo\Gradient_boost\outputs\master.odb

20250211-140054: Compute completed.
Calling compute.
message: 
 {'component': 'abaqus', 'inputs': {'design': {'composite.panel.CompositeLayup-1-2.0.thickness': [0.10566644551505502], 'composite.panel.CompositeLayup-1-2.2.thickness': [0.1066775177938528]}}, 'get_grads': False, 'get_outputs': True}
Completed writing of RTS section input data for part panel.
 Number of composite shell sections in panel = 2.
deleted old odb @ c:\Users\GeorgiosBalokas\Desktop\GENACOM\GENACOM_git_repo\Gradient_boost\outputs\master.odb

20250211-140126: Compute completed.
Elapsed time to approx totals: 67.71703109999999 secs

{('abaqus.MASS:Step-1:PART-1-1:STEERED', 'abaqus.composite:panel:CompositeLayup-1-2:0:thickness'): array([[1.68611223]])}
{('abaqus.MASS:Step-1:PART-1-1:STEERED', 'abaqus.composite:panel:CompositeLayup-1-2:2:thickness'): array([[1.68611223]])}
{('abaqus.U:Step-1:PART-1-1:N60:1', 'abaqus.composite:panel:CompositeLayup-1-2:0:thickness'): array([[-0.03254414]])}
{('abaqus.U:Step-1:PART-1-1:N60:1', 'abaqus.composite:panel:CompositeLayup-1-2:2:thickness'): array([[-0.032546]])}
{('abaqus.U:Step-1:PART-1-1:N1560:norm', 'abaqus.composite:panel:CompositeLayup-1-2:0:thickness'): array([[-0.11073425]])}
{('abaqus.U:Step-1:PART-1-1:N1560:norm', 'abaqus.composite:panel:CompositeLayup-1-2:2:thickness'): array([[-0.11073798]])}

Driver debug print for iter coord: rank0:ScipyOptimize_SLSQP|4
--------------------------------------------------------------
Design Vars
{'abaqus.composite:panel:CompositeLayup-1-2:0:thickness': array([0.16005209]),
 'abaqus.composite:panel:CompositeLayup-1-2:2:thickness': array([0.15972778])}

Calling compute.
message: 
 {'component': 'abaqus', 'inputs': {'design': {'composite.panel.CompositeLayup-1-2.0.thickness': [0.16005208588809705], 'composite.panel.CompositeLayup-1-2.2.thickness': [0.15972777816898984]}}, 'get_grads': False, 'get_outputs': True}
Completed writing of RTS section input data for part panel.
 Number of composite shell sections in panel = 2.
deleted old odb @ c:\Users\GeorgiosBalokas\Desktop\GENACOM\GENACOM_git_repo\Gradient_boost\outputs\master.odb

20250211-140200: Compute completed.
Nonlinear constraints
{'abaqus.U:Step-1:PART-1-1:N1560:norm': array([0.05246717]),
 'abaqus.U:Step-1:PART-1-1:N60:1': array([0.01511396])}

Linear constraints
None

Objectives
{'abaqus.MASS:Step-1:PART-1-1:STEERED': array([8.76401828e-06])}


---------


Major iteration convergence checks (// slsqp_optmz.f line 495):


    abs(f-f0) < acc : ABS(f-f0)=0.18283412828168366, acc=0.0001, so check is False

    h3 < acc        : h3=0.002467167377471921, acc=0.0001, so check is False

---------

Driver total derivatives for iteration: 5
-----------------------------------------

Calling compute.
message: 
 {'component': 'abaqus', 'inputs': {'design': {'composite.panel.CompositeLayup-1-2.0.thickness': [0.16105208588809705], 'composite.panel.CompositeLayup-1-2.2.thickness': [0.15972777816898984]}}, 'get_grads': False, 'get_outputs': True}
Completed writing of RTS section input data for part panel.
 Number of composite shell sections in panel = 2.
deleted old odb @ c:\Users\GeorgiosBalokas\Desktop\GENACOM\GENACOM_git_repo\Gradient_boost\outputs\master.odb

20250211-140235: Compute completed.
Calling compute.
message: 
 {'component': 'abaqus', 'inputs': {'design': {'composite.panel.CompositeLayup-1-2.0.thickness': [0.16005208588809705], 'composite.panel.CompositeLayup-1-2.2.thickness': [0.16072777816898984]}}, 'get_grads': False, 'get_outputs': True}
Completed writing of RTS section input data for part panel.
 Number of composite shell sections in panel = 2.
deleted old odb @ c:\Users\GeorgiosBalokas\Desktop\GENACOM\GENACOM_git_repo\Gradient_boost\outputs\master.odb

20250211-140310: Compute completed.
Elapsed time to approx totals: 69.73398359999999 secs

{('abaqus.MASS:Step-1:PART-1-1:STEERED', 'abaqus.composite:panel:CompositeLayup-1-2:0:thickness'): array([[1.68611223]])}
{('abaqus.MASS:Step-1:PART-1-1:STEERED', 'abaqus.composite:panel:CompositeLayup-1-2:2:thickness'): array([[1.68611223]])}
{('abaqus.U:Step-1:PART-1-1:N60:1', 'abaqus.composite:panel:CompositeLayup-1-2:0:thickness'): array([[-0.0198856]])}
{('abaqus.U:Step-1:PART-1-1:N60:1', 'abaqus.composite:panel:CompositeLayup-1-2:2:thickness'): array([[-0.01988653]])}
{('abaqus.U:Step-1:PART-1-1:N1560:norm', 'abaqus.composite:panel:CompositeLayup-1-2:0:thickness'): array([[-0.07004663]])}
{('abaqus.U:Step-1:PART-1-1:N1560:norm', 'abaqus.composite:panel:CompositeLayup-1-2:2:thickness'): array([[-0.07005036]])}

Driver debug print for iter coord: rank0:ScipyOptimize_SLSQP|5
--------------------------------------------------------------
Design Vars
{'abaqus.composite:panel:CompositeLayup-1-2:0:thickness': array([0.17766384]),
 'abaqus.composite:panel:CompositeLayup-1-2:2:thickness': array([0.17733687])}

Calling compute.
message: 
 {'component': 'abaqus', 'inputs': {'design': {'composite.panel.CompositeLayup-1-2.0.thickness': [0.1776638426045407], 'composite.panel.CompositeLayup-1-2.2.thickness': [0.17733686870614743]}}, 'get_grads': False, 'get_outputs': True}
Completed writing of RTS section input data for part panel.
 Number of composite shell sections in panel = 2.
deleted old odb @ c:\Users\GeorgiosBalokas\Desktop\GENACOM\GENACOM_git_repo\Gradient_boost\outputs\master.odb

20250211-140344: Compute completed.
Nonlinear constraints
{'abaqus.U:Step-1:PART-1-1:N1560:norm': array([0.05014333]),
 'abaqus.U:Step-1:PART-1-1:N60:1': array([0.01445653])}

Linear constraints
None

Objectives
{'abaqus.MASS:Step-1:PART-1-1:STEERED': array([9.35788012e-06])}


---------


Major iteration convergence checks (// slsqp_optmz.f line 495):


    abs(f-f0) < acc : ABS(f-f0)=0.05938618414802477, acc=0.0001, so check is False

    h3 < acc        : h3=0.0001433275640010806, acc=0.0001, so check is False

---------

Driver total derivatives for iteration: 6
-----------------------------------------

Calling compute.
message: 
 {'component': 'abaqus', 'inputs': {'design': {'composite.panel.CompositeLayup-1-2.0.thickness': [0.1786638426045407], 'composite.panel.CompositeLayup-1-2.2.thickness': [0.17733686870614743]}}, 'get_grads': False, 'get_outputs': True}
Completed writing of RTS section input data for part panel.
 Number of composite shell sections in panel = 2.
deleted old odb @ c:\Users\GeorgiosBalokas\Desktop\GENACOM\GENACOM_git_repo\Gradient_boost\outputs\master.odb

20250211-140419: Compute completed.
Calling compute.
message: 
 {'component': 'abaqus', 'inputs': {'design': {'composite.panel.CompositeLayup-1-2.0.thickness': [0.1776638426045407], 'composite.panel.CompositeLayup-1-2.2.thickness': [0.17833686870614743]}}, 'get_grads': False, 'get_outputs': True}
Completed writing of RTS section input data for part panel.
 Number of composite shell sections in panel = 2.
deleted old odb @ c:\Users\GeorgiosBalokas\Desktop\GENACOM\GENACOM_git_repo\Gradient_boost\outputs\master.odb

20250211-140454: Compute completed.
Elapsed time to approx totals: 69.61298060000001 secs

{('abaqus.MASS:Step-1:PART-1-1:STEERED', 'abaqus.composite:panel:CompositeLayup-1-2:0:thickness'): array([[1.68611223]])}
{('abaqus.MASS:Step-1:PART-1-1:STEERED', 'abaqus.composite:panel:CompositeLayup-1-2:2:thickness'): array([[1.68611223]])}
{('abaqus.U:Step-1:PART-1-1:N60:1', 'abaqus.composite:panel:CompositeLayup-1-2:0:thickness'): array([[-0.01746416]])}
{('abaqus.U:Step-1:PART-1-1:N60:1', 'abaqus.composite:panel:CompositeLayup-1-2:2:thickness'): array([[-0.01746509]])}
{('abaqus.U:Step-1:PART-1-1:N1560:norm', 'abaqus.composite:panel:CompositeLayup-1-2:0:thickness'): array([[-0.0619553]])}
{('abaqus.U:Step-1:PART-1-1:N1560:norm', 'abaqus.composite:panel:CompositeLayup-1-2:2:thickness'): array([[-0.0619553]])}

Driver debug print for iter coord: rank0:ScipyOptimize_SLSQP|6
--------------------------------------------------------------
Design Vars
{'abaqus.composite:panel:CompositeLayup-1-2:0:thickness': array([0.17882412]),
 'abaqus.composite:panel:CompositeLayup-1-2:2:thickness': array([0.17848999])}

Calling compute.
message: 
 {'component': 'abaqus', 'inputs': {'design': {'composite.panel.CompositeLayup-1-2.0.thickness': [0.1788241214914278], 'composite.panel.CompositeLayup-1-2.2.thickness': [0.1784899925009992]}}, 'get_grads': False, 'get_outputs': True}
Completed writing of RTS section input data for part panel.
 Number of composite shell sections in panel = 2.
deleted old odb @ c:\Users\GeorgiosBalokas\Desktop\GENACOM\GENACOM_git_repo\Gradient_boost\outputs\master.odb

20250211-140528: Compute completed.
Nonlinear constraints
{'abaqus.U:Step-1:PART-1-1:N1560:norm': array([0.05000034]),
 'abaqus.U:Step-1:PART-1-1:N60:1': array([0.01441623])}

Linear constraints
None

Objectives
{'abaqus.MASS:Step-1:PART-1-1:STEERED': array([9.39687925e-06])}


---------


Major iteration convergence checks (// slsqp_optmz.f line 495):


    abs(f-f0) < acc : ABS(f-f0)=0.0038999132812023163, acc=0.0001, so check is False

    h3 < acc        : h3=3.360211849184891e-07, acc=0.0001, so check is True

---------

Driver total derivatives for iteration: 7
-----------------------------------------

Calling compute.
message: 
 {'component': 'abaqus', 'inputs': {'design': {'composite.panel.CompositeLayup-1-2.0.thickness': [0.1798241214914278], 'composite.panel.CompositeLayup-1-2.2.thickness': [0.1784899925009992]}}, 'get_grads': False, 'get_outputs': True}
Completed writing of RTS section input data for part panel.
 Number of composite shell sections in panel = 2.
deleted old odb @ c:\Users\GeorgiosBalokas\Desktop\GENACOM\GENACOM_git_repo\Gradient_boost\outputs\master.odb

20250211-140604: Compute completed.
Calling compute.
message: 
 {'component': 'abaqus', 'inputs': {'design': {'composite.panel.CompositeLayup-1-2.0.thickness': [0.1788241214914278], 'composite.panel.CompositeLayup-1-2.2.thickness': [0.1794899925009992]}}, 'get_grads': False, 'get_outputs': True}
Completed writing of RTS section input data for part panel.
 Number of composite shell sections in panel = 2.
deleted old odb @ c:\Users\GeorgiosBalokas\Desktop\GENACOM\GENACOM_git_repo\Gradient_boost\outputs\master.odb

20250211-140638: Compute completed.
Elapsed time to approx totals: 69.99809159999995 secs

{('abaqus.MASS:Step-1:PART-1-1:STEERED', 'abaqus.composite:panel:CompositeLayup-1-2:0:thickness'): array([[1.68611223]])}
{('abaqus.MASS:Step-1:PART-1-1:STEERED', 'abaqus.composite:panel:CompositeLayup-1-2:2:thickness'): array([[1.68611223]])}
{('abaqus.U:Step-1:PART-1-1:N60:1', 'abaqus.composite:panel:CompositeLayup-1-2:0:thickness'): array([[-0.0173226]])}
{('abaqus.U:Step-1:PART-1-1:N60:1', 'abaqus.composite:panel:CompositeLayup-1-2:2:thickness'): array([[-0.01732353]])}
{('abaqus.U:Step-1:PART-1-1:N1560:norm', 'abaqus.composite:panel:CompositeLayup-1-2:0:thickness'): array([[-0.06147474]])}
{('abaqus.U:Step-1:PART-1-1:N1560:norm', 'abaqus.composite:panel:CompositeLayup-1-2:2:thickness'): array([[-0.06147847]])}

Optimization terminated successfully    (Exit mode 0)
            Current function value: 0.9396879249834456
            Iterations: 5
            Function evaluations: 6
            Gradient evaluations: 5
Optimization Complete
-----------------------------------
